2025-05-02 06:54:09 [INFO] SMTP Connection Verified
2025-05-02 06:54:18 [INFO] SMTP Connection Verified
2025-05-02 06:54:36 [INFO] SMTP Connection Verified
2025-05-02 06:55:53 [INFO] SMTP Connection Verified
2025-05-02 06:57:40 [INFO] SMTP Connection Verified
2025-05-02 07:34:21 [INFO] SMTP Connection Verified
2025-05-02 07:49:14 [INFO] SMTP Connection Verified
2025-05-02 07:50:30 [INFO] SMTP Connection Verified
2025-05-02 07:51:33 [INFO] SMTP Connection Verified
2025-05-02 08:05:24 [INFO] SMTP Connection Verified
2025-05-02 11:51:43 [INFO] SMTP Connection Verified
2025-05-02 13:17:12 [INFO] SMTP Connection Verified
2025-05-02 13:17:14 [INFO] SMTP Connection Verified
2025-05-02 13:17:25 [INFO] SMTP Connection Verified
2025-05-02 13:19:13 [INFO] SMTP Connection Verified
2025-05-02 13:19:45 [INFO] SMTP Connection Verified
2025-05-02 13:20:00 [INFO] SMTP Connection Verified
2025-05-02 13:24:42 [INFO] SMTP Connection Verified
2025-05-02 13:26:44 [INFO] SMTP Connection Verified
2025-05-02 13:28:10 [INFO] SMTP Connection Verified
2025-05-02 13:49:25 [INFO] SMTP Connection Verified
2025-05-02 13:49:58 [INFO] SMTP Connection Verified
2025-05-02 13:53:25 [INFO] SMTP Connection Verified
2025-05-02 13:53:43 [INFO] SMTP Connection Verified
{"level":"info","message":"SMTP Connection Verified","timestamp":"2025-05-02 14:21:14"}
2025-05-02 14:36:20 [INFO] SMTP Connection Verified
{"level":"info","message":"SMTP Connection Verified","service":"gmail","timestamp":"2025-05-02 16:39:19","user":"sellawifatma234@gmail.com"}
{"level":"info","message":"SMTP Connection Verified","service":"gmail","timestamp":"2025-05-02 16:54:07","user":"sellawifatma234@gmail.com"}
{"level":"info","message":"SMTP Connection Verified","service":"gmail","timestamp":"2025-05-02 16:54:18","user":"sellawifatma234@gmail.com"}
{"level":"info","message":"SMTP Connection Verified","timestamp":"2025-05-02 17:09:33"}
{"level":"info","message":"SMTP Connection Verified","timestamp":"2025-05-02 17:12:12"}
{"level":"info","message":"SMTP Connection Verified","timestamp":"2025-05-02 17:20:33"}
{"level":"info","message":"SMTP Connection Verified","timestamp":"2025-05-02 17:21:13"}
{"level":"info","message":"SMTP Connection Verified","timestamp":"2025-05-02 17:24:06"}
{"level":"info","message":"SMTP Connection Verified","timestamp":"2025-05-02 17:26:56"}
{"level":"info","message":"SMTP Connection Verified","timestamp":"2025-05-02 17:28:26"}
{"level":"info","message":"SMTP Connection Verified","timestamp":"2025-05-02 17:28:32"}
{"level":"info","message":"SMTP Connection Verified","timestamp":"2025-05-02 17:31:21"}
{"level":"info","message":"SMTP Connection Verified","timestamp":"2025-05-02 17:41:22"}
{"level":"info","message":"SMTP Connection Verified","timestamp":"2025-05-02 17:44:57"}
{"level":"info","message":"SMTP Connection Verified","timestamp":"2025-05-02 17:45:33"}
{"level":"info","message":"SMTP Connection Verified","timestamp":"2025-05-02 17:46:53"}
{"level":"info","message":"SMTP Connection Verified","service":"gmail","timestamp":"2025-05-02 17:48:08","user":"sellawifatma234@gmail.com"}
{"level":"info","message":"SMTP Connection Verified","service":"gmail","timestamp":"2025-05-02 17:49:02","user":"sellawifatma234@gmail.com"}
{"level":"info","message":"SMTP Connection Verified","service":"gmail","timestamp":"2025-05-02 17:52:34","user":"sellawifatma234@gmail.com"}
{"level":"info","message":"SMTP Connection Verified","service":"gmail","timestamp":"2025-05-02 18:02:44","user":"sellawifatma234@gmail.com"}
{"level":"info","message":"SMTP Connection Verified","service":"gmail","timestamp":"2025-05-02 18:03:15","user":"sellawifatma234@gmail.com"}
{"level":"info","message":"SMTP Connection Verified","service":"gmail","timestamp":"2025-05-02 18:05:24","user":"sellawifatma234@gmail.com"}
{"level":"info","message":"SMTP Connection Verified","service":"gmail","timestamp":"2025-05-02 18:07:29","user":"sellawifatma234@gmail.com"}
{"level":"info","message":"SMTP Connection Verified","service":"gmail","timestamp":"2025-05-02 18:07:50","user":"sellawifatma234@gmail.com"}
{"error":"Cannot read properties of undefined (reading 'recipient')","level":"error","message":"Send Patrol Email Failed","params":{"id":"undefined"},"stack":"TypeError: Cannot read properties of undefined (reading 'recipient')\n    at sendPatrolEmailById (file:///C:/MangmentSystem/server/controllers/patrolController.js:297:13)\n    at Layer.handleRequest (C:\\MangmentSystem\\server\\node_modules\\router\\lib\\layer.js:152:17)\n    at next (C:\\MangmentSystem\\server\\node_modules\\router\\lib\\route.js:157:13)\n    at Route.dispatch (C:\\MangmentSystem\\server\\node_modules\\router\\lib\\route.js:117:3)\n    at handle (C:\\MangmentSystem\\server\\node_modules\\router\\index.js:435:11)\n    at Layer.handleRequest (C:\\MangmentSystem\\server\\node_modules\\router\\lib\\layer.js:152:17)\n    at C:\\MangmentSystem\\server\\node_modules\\router\\index.js:295:15\n    at param (C:\\MangmentSystem\\server\\node_modules\\router\\index.js:600:14)\n    at param (C:\\MangmentSystem\\server\\node_modules\\router\\index.js:610:14)\n    at processParams (C:\\MangmentSystem\\server\\node_modules\\router\\index.js:664:3)","timestamp":"2025-05-02 18:12:24"}
{"level":"info","message":"SMTP Connection Verified","timestamp":"2025-05-02 18:16:57","user":"sellawifatma234@gmail.com"}
{"level":"info","message":"SMTP Connection Verified","timestamp":"2025-05-02 18:20:00","user":"sellawifatma234@gmail.com"}
{"level":"info","message":"SMTP Connection Verified","timestamp":"2025-05-02 18:20:07","user":"sellawifatma234@gmail.com"}
{"level":"info","message":"SMTP Connection Verified","timestamp":"2025-05-02 18:25:18","user":"sellawifatma234@gmail.com"}
{"level":"info","message":"SMTP Connection Verified","timestamp":"2025-05-02 18:33:59","user":"sellawifatma234@gmail.com"}
{"level":"info","message":"SMTP Connection Verified","timestamp":"2025-05-02 18:38:06","user":"sellawifatma234@gmail.com"}
{"level":"info","message":"SMTP Connection Verified","timestamp":"2025-05-02 18:41:06","user":"sellawifatma234@gmail.com"}
{"level":"info","message":"SMTP Connection Verified","timestamp":"2025-05-02 18:41:18","user":"sellawifatma234@gmail.com"}
{"level":"info","message":"SMTP Connection Verified","timestamp":"2025-05-02 18:43:05","user":"sellawifatma234@gmail.com"}
{"level":"info","message":"SMTP Connection Verified","timestamp":"2025-05-02 18:43:52","user":"sellawifatma234@gmail.com"}
{"level":"info","message":"SMTP Connection Verified","timestamp":"2025-05-02 18:48:57","user":"sellawifatma234@gmail.com"}
{"error":"getaddrinfo ENOTFOUND smtp.gmail.com","level":"error","message":"SMTP Connection Failed","timestamp":"2025-05-02 22:15:06"}
{"error":"getaddrinfo ENOTFOUND smtp.gmail.com","level":"error","message":"SMTP Connection Failed","timestamp":"2025-05-02 22:15:18"}
{"level":"info","message":"SMTP Connection Verified","timestamp":"2025-05-02 22:28:36","user":"sellawifatma234@gmail.com"}
{"level":"info","message":"SMTP Connection Verified","timestamp":"2025-05-02 22:32:05","user":"sellawifatma234@gmail.com"}
{"level":"info","message":"SMTP Connection Verified","timestamp":"2025-05-02 22:45:40","user":"sellawifatma234@gmail.com"}
{"level":"info","message":"SMTP Connection Verified","timestamp":"2025-05-02 22:46:18","user":"sellawifatma234@gmail.com"}
{"level":"info","message":"SMTP Connection Verified","timestamp":"2025-05-02 22:47:10","user":"sellawifatma234@gmail.com"}
{"level":"info","message":"SMTP Connection Verified","timestamp":"2025-05-02 22:47:29","user":"sellawifatma234@gmail.com"}
{"level":"info","message":"SMTP Connection Verified","timestamp":"2025-05-02 22:48:40","user":"sellawifatma234@gmail.com"}
{"level":"info","message":"SMTP Connection Verified","timestamp":"2025-05-02 22:53:03","user":"sellawifatma234@gmail.com"}
{"level":"info","message":"SMTP Connection Verified","timestamp":"2025-05-02 22:53:28","user":"sellawifatma234@gmail.com"}
{"level":"info","message":"SMTP Connection Verified","timestamp":"2025-05-02 23:02:49","user":"sellawifatma234@gmail.com"}
{"level":"info","message":"SMTP Connection Verified","timestamp":"2025-05-02 23:10:36","user":"sellawifatma234@gmail.com"}
{"error":"Cannot read properties of undefined (reading 'No')","level":"error","message":"Create Patrol Error","timestamp":"2025-05-02 23:11:00"}
{"level":"info","message":"SMTP Connection Verified","timestamp":"2025-05-02 23:18:41","user":"sellawifatma234@gmail.com"}
